<?xml version="1.0" encoding="UTF-8"?>
<testsuite name="com.metacoding.v1.web.HelloControllerTest" tests="1" skipped="0" failures="0" errors="0" timestamp="2024-11-12T15:14:16" hostname="DESKTOP-LQH1VF4" time="0.136">
  <properties/>
  <testcase name="hello_테스트()" classname="com.metacoding.v1.web.HelloControllerTest" time="0.136"/>
  <system-out><![CDATA[2024-11-13 00:14:16.359  INFO 25796 --- [    Test worker] .b.t.c.SpringBootTestContextBootstrapper : Neither @ContextConfiguration nor @ContextHierarchy found for test class [com.metacoding.v1.web.HelloControllerTest], using SpringBootContextLoader
2024-11-13 00:14:16.359  INFO 25796 --- [    Test worker] o.s.t.c.support.AbstractContextLoader    : Could not detect default resource locations for test class [com.metacoding.v1.web.HelloControllerTest]: no resource found for suffixes {-context.xml, Context.groovy}.
2024-11-13 00:14:16.359  INFO 25796 --- [    Test worker] t.c.s.AnnotationConfigContextLoaderUtils : Could not detect default configuration classes for test class [com.metacoding.v1.web.HelloControllerTest]: HelloControllerTest does not declare any static, non-private, non-final, nested classes annotated with @Configuration.
2024-11-13 00:14:16.362  INFO 25796 --- [    Test worker] .b.t.c.SpringBootTestContextBootstrapper : Found @SpringBootConfiguration com.metacoding.v1.V1Application for test class com.metacoding.v1.web.HelloControllerTest
2024-11-13 00:14:16.363  INFO 25796 --- [    Test worker] .b.t.c.SpringBootTestContextBootstrapper : Loaded default TestExecutionListener class names from location [META-INF/spring.factories]: [org.springframework.boot.test.autoconfigure.restdocs.RestDocsTestExecutionListener, org.springframework.boot.test.autoconfigure.web.client.MockRestServiceServerResetTestExecutionListener, org.springframework.boot.test.autoconfigure.web.servlet.MockMvcPrintOnlyOnFailureTestExecutionListener, org.springframework.boot.test.autoconfigure.web.servlet.WebDriverTestExecutionListener, org.springframework.boot.test.autoconfigure.webservices.client.MockWebServiceServerTestExecutionListener, org.springframework.boot.test.mock.mockito.MockitoTestExecutionListener, org.springframework.boot.test.mock.mockito.ResetMocksTestExecutionListener, org.springframework.test.context.web.ServletTestExecutionListener, org.springframework.test.context.support.DirtiesContextBeforeModesTestExecutionListener, org.springframework.test.context.event.ApplicationEventsTestExecutionListener, org.springframework.test.context.support.DependencyInjectionTestExecutionListener, org.springframework.test.context.support.DirtiesContextTestExecutionListener, org.springframework.test.context.transaction.TransactionalTestExecutionListener, org.springframework.test.context.jdbc.SqlScriptsTestExecutionListener, org.springframework.test.context.event.EventPublishingTestExecutionListener]
2024-11-13 00:14:16.363  INFO 25796 --- [    Test worker] .b.t.c.SpringBootTestContextBootstrapper : Using TestExecutionListeners: [org.springframework.test.context.web.ServletTestExecutionListener@238291d4, org.springframework.test.context.support.DirtiesContextBeforeModesTestExecutionListener@34edd065, org.springframework.test.context.event.ApplicationEventsTestExecutionListener@681e913c, org.springframework.boot.test.mock.mockito.MockitoTestExecutionListener@29d070c7, org.springframework.boot.test.autoconfigure.SpringBootDependencyInjectionTestExecutionListener@1eeb5818, org.springframework.test.context.support.DirtiesContextTestExecutionListener@44dfdd58, org.springframework.test.context.event.EventPublishingTestExecutionListener@58d4238e, org.springframework.boot.test.autoconfigure.restdocs.RestDocsTestExecutionListener@72a8361b, org.springframework.boot.test.autoconfigure.web.client.MockRestServiceServerResetTestExecutionListener@36478bce, org.springframework.boot.test.autoconfigure.web.servlet.MockMvcPrintOnlyOnFailureTestExecutionListener@c48b543, org.springframework.boot.test.autoconfigure.web.servlet.WebDriverTestExecutionListener@75793f17, org.springframework.boot.test.autoconfigure.webservices.client.MockWebServiceServerTestExecutionListener@4652c74d, org.springframework.boot.test.mock.mockito.ResetMocksTestExecutionListener@4cc12db2]

  .   ____          _            __ _ _
 /\\ / ___'_ __ _ _(_)_ __  __ _ \ \ \ \
( ( )\___ | '_ | '_| | '_ \/ _` | \ \ \ \
 \\/  ___)| |_)| | | | | || (_| |  ) ) ) )
  '  |____| .__|_| |_|_| |_\__, | / / / /
 =========|_|==============|___/=/_/_/_/
 :: Spring Boot ::                (v2.6.3)

2024-11-13 00:14:16.380  INFO 25796 --- [    Test worker] c.metacoding.v1.web.HelloControllerTest  : Starting HelloControllerTest using Java 17.0.11 on DESKTOP-LQH1VF4 with PID 25796 (started by GIPI in D:\dev_gipi\.workspace\aws_prac_teacher_demo)
2024-11-13 00:14:16.380  INFO 25796 --- [    Test worker] c.metacoding.v1.web.HelloControllerTest  : The following profiles are active: prodcution
2024-11-13 00:14:16.563  INFO 25796 --- [    Test worker] o.s.b.w.embedded.tomcat.TomcatWebServer  : Tomcat initialized with port(s): 0 (http)
2024-11-13 00:14:16.571  INFO 25796 --- [    Test worker] o.apache.catalina.core.StandardService   : Starting service [Tomcat]
2024-11-13 00:14:16.571  INFO 25796 --- [    Test worker] org.apache.catalina.core.StandardEngine  : Starting Servlet engine: [Apache Tomcat/9.0.56]
2024-11-13 00:14:16.634  INFO 25796 --- [    Test worker] o.a.c.c.C.[Tomcat].[localhost].[/]       : Initializing Spring embedded WebApplicationContext
2024-11-13 00:14:16.634  INFO 25796 --- [    Test worker] w.s.c.ServletWebServerApplicationContext : Root WebApplicationContext: initialization completed in 253 ms
2024-11-13 00:14:16.834  INFO 25796 --- [    Test worker] o.s.b.w.embedded.tomcat.TomcatWebServer  : Tomcat started on port(s): 3348 (http) with context path ''
2024-11-13 00:14:16.837  INFO 25796 --- [    Test worker] c.metacoding.v1.web.HelloControllerTest  : Started HelloControllerTest in 0.472 seconds (JVM running for 2.124)
2024-11-13 00:14:16.938  INFO 25796 --- [o-auto-1-exec-1] o.a.c.c.C.[Tomcat].[localhost].[/]       : Initializing Spring DispatcherServlet 'dispatcherServlet'
2024-11-13 00:14:16.938  INFO 25796 --- [o-auto-1-exec-1] o.s.web.servlet.DispatcherServlet        : Initializing Servlet 'dispatcherServlet'
2024-11-13 00:14:16.939  INFO 25796 --- [o-auto-1-exec-1] o.s.web.servlet.DispatcherServlet        : Completed initialization in 1 ms
2024-11-13 00:14:16.962  INFO 25796 --- [o-auto-1-exec-1] com.metacoding.v1.web.HelloController    : /aws/v1 이 호출되었어요. info 로그 #####################################
]]></system-out>
  <system-err><![CDATA[]]></system-err>
</testsuite>
